<?xml version="1.0" encoding="UTF-8"?>
<testsuite name="com.builddash.backend.api.controller.DeviceControllerIT" tests="4" skipped="0" failures="0" errors="0" timestamp="2026-08-17T12:37:57.665Z" hostname="RyuKen-V15" time="0.411">
  <properties/>
  <testcase name="listDevices_returnsTheDeviceJustLoggedInWith()" classname="com.builddash.backend.api.controller.DeviceControllerIT" time="0.108"/>
  <testcase name="logoutAllDevices_reissuesFreshSessionAndInvalidatesOldRefreshToken()" classname="com.builddash.backend.api.controller.DeviceControllerIT" time="0.112"/>
  <testcase name="revokeDevice_ownDevice_thenRefreshTokenNoLongerWorks()" classname="com.builddash.backend.api.controller.DeviceControllerIT" time="0.087"/>
  <testcase name="revokeDevice_belongingToAnotherUser_returnsNotFound()" classname="com.builddash.backend.api.controller.DeviceControllerIT" time="0.093"/>
  <system-out><![CDATA[2026-08-17T18:07:57.667+05:30  INFO 367587 --- [builddash-backend] [    Test worker] t.c.s.AnnotationConfigContextLoaderUtils : Could not detect default configuration classes for test class [com.builddash.backend.api.controller.DeviceControllerIT]: DeviceControllerIT does not declare any static, non-private, non-final, nested classes annotated with @Configuration.
2026-08-17T18:07:57.669+05:30  INFO 367587 --- [builddash-backend] [    Test worker] .b.t.c.SpringBootTestContextBootstrapper : Found @SpringBootConfiguration com.builddash.backend.BuildDashBackendApplication for test class com.builddash.backend.api.controller.DeviceControllerIT
]]></system-out>
  <system-err><![CDATA[]]></system-err>
</testsuite>
