<?xml version="1.0" encoding="UTF-8"?>
<testsuite name="com.builddash.backend.api.controller.UserControllerIT" tests="4" skipped="0" failures="0" errors="0" timestamp="2026-08-17T12:37:58.175Z" hostname="RyuKen-V15" time="0.187">
  <properties/>
  <testcase name="updateMe_validGstNumber_setsStatusPending()" classname="com.builddash.backend.api.controller.UserControllerIT" time="0.07"/>
  <testcase name="getMe_happyPath_returnsProfile()" classname="com.builddash.backend.api.controller.UserControllerIT" time="0.049"/>
  <testcase name="getMe_withoutToken_returnsUnauthorized()" classname="com.builddash.backend.api.controller.UserControllerIT" time="0.007"/>
  <testcase name="updateMe_invalidGstNumberFormat_returnsBadRequest()" classname="com.builddash.backend.api.controller.UserControllerIT" time="0.047"/>
  <system-out><![CDATA[2026-08-17T18:07:58.177+05:30  INFO 367587 --- [builddash-backend] [    Test worker] t.c.s.AnnotationConfigContextLoaderUtils : Could not detect default configuration classes for test class [com.builddash.backend.api.controller.UserControllerIT]: UserControllerIT does not declare any static, non-private, non-final, nested classes annotated with @Configuration.
2026-08-17T18:07:58.181+05:30  INFO 367587 --- [builddash-backend] [    Test worker] .b.t.c.SpringBootTestContextBootstrapper : Found @SpringBootConfiguration com.builddash.backend.BuildDashBackendApplication for test class com.builddash.backend.api.controller.UserControllerIT
]]></system-out>
  <system-err><![CDATA[]]></system-err>
</testsuite>
