<?xml version="1.0" encoding="UTF-8"?>
<testsuite name="com.builddash.backend.application.impl.OtpVerificationServiceTest" tests="4" skipped="0" failures="0" errors="0" timestamp="2026-08-17T12:37:58.900Z" hostname="RyuKen-V15" time="0.014">
  <properties/>
  <testcase name="verify_lockedOut_neverChecksStore()" classname="com.builddash.backend.application.impl.OtpVerificationServiceTest" time="0.004"/>
  <testcase name="verify_noOtpStored_throwsBadRequestWithoutRecordingFailure()" classname="com.builddash.backend.application.impl.OtpVerificationServiceTest" time="0.003"/>
  <testcase name="verify_matchingCode_invalidatesAndResetsFailures()" classname="com.builddash.backend.application.impl.OtpVerificationServiceTest" time="0.001"/>
  <testcase name="verify_wrongCode_recordsFailureAndThrowsUnauthorized()" classname="com.builddash.backend.application.impl.OtpVerificationServiceTest" time="0.002"/>
  <system-out><![CDATA[]]></system-out>
  <system-err><![CDATA[]]></system-err>
</testsuite>
