<?xml version="1.0" encoding="UTF-8"?>
<testsuite name="com.builddash.backend.application.impl.CatalogServiceJpaIT" tests="5" skipped="0" failures="0" errors="0" timestamp="2026-08-17T12:37:58.363Z" hostname="RyuKen-V15" time="0.245">
  <properties/>
  <testcase name="getDetail_stockStatus_outOfStockWhenAllWarehouseQuantitiesAreZero()" classname="com.builddash.backend.application.impl.CatalogServiceJpaIT" time="0.075"/>
  <testcase name="getDetail_gstRateMatchesHsnGstRatesTableExactly()" classname="com.builddash.backend.application.impl.CatalogServiceJpaIT" time="0.03"/>
  <testcase name="getDetail_stockStatus_outOfStockWhenNoStockEntriesAtAll()" classname="com.builddash.backend.application.impl.CatalogServiceJpaIT" time="0.026"/>
  <testcase name="cursorPagination_walksTwoPagesWithoutSkipOrDuplicate()" classname="com.builddash.backend.application.impl.CatalogServiceJpaIT" time="0.066"/>
  <testcase name="getDetail_stockStatus_inStockWhenAnyWarehouseHasQuantity()" classname="com.builddash.backend.application.impl.CatalogServiceJpaIT" time="0.02"/>
  <system-out><![CDATA[2026-08-17T18:07:58.364+05:30  INFO 367587 --- [builddash-backend] [    Test worker] t.c.s.AnnotationConfigContextLoaderUtils : Could not detect default configuration classes for test class [com.builddash.backend.application.impl.CatalogServiceJpaIT]: CatalogServiceJpaIT does not declare any static, non-private, non-final, nested classes annotated with @Configuration.
2026-08-17T18:07:58.380+05:30  INFO 367587 --- [builddash-backend] [    Test worker] .b.t.c.SpringBootTestContextBootstrapper : Found @SpringBootConfiguration com.builddash.backend.BuildDashBackendApplication for test class com.builddash.backend.application.impl.CatalogServiceJpaIT
]]></system-out>
  <system-err><![CDATA[]]></system-err>
</testsuite>
