<?xml version="1.0" encoding="UTF-8"?>
<testsuite name="com.builddash.backend.api.controller.LoginHistoryControllerIT" tests="2" skipped="0" failures="0" errors="0" timestamp="2026-08-17T12:37:58.077Z" hostname="RyuKen-V15" time="0.097">
  <properties/>
  <testcase name="getLoginHistory_afterOtpLogin_containsOtpEvent()" classname="com.builddash.backend.api.controller.LoginHistoryControllerIT" time="0.071"/>
  <testcase name="getLoginHistory_withoutToken_returnsUnauthorized()" classname="com.builddash.backend.api.controller.LoginHistoryControllerIT" time="0.018"/>
  <system-out><![CDATA[2026-08-17T18:07:58.079+05:30  INFO 367587 --- [builddash-backend] [    Test worker] t.c.s.AnnotationConfigContextLoaderUtils : Could not detect default configuration classes for test class [com.builddash.backend.api.controller.LoginHistoryControllerIT]: LoginHistoryControllerIT does not declare any static, non-private, non-final, nested classes annotated with @Configuration.
2026-08-17T18:07:58.082+05:30  INFO 367587 --- [builddash-backend] [    Test worker] .b.t.c.SpringBootTestContextBootstrapper : Found @SpringBootConfiguration com.builddash.backend.BuildDashBackendApplication for test class com.builddash.backend.api.controller.LoginHistoryControllerIT
]]></system-out>
  <system-err><![CDATA[]]></system-err>
</testsuite>
