<?xml version="1.0" encoding="UTF-8"?>
<testsuite name="com.builddash.backend.api.controller.CatalogControllerIT" tests="7" skipped="0" failures="0" errors="0" timestamp="2026-08-17T12:37:55.392Z" hostname="RyuKen-V15" time="2.272">
  <properties/>
  <testcase name="getCategory_malformedId_returnsNotFound()" classname="com.builddash.backend.api.controller.CatalogControllerIT" time="0.022"/>
  <testcase name="getProduct_validButUnknownId_returnsNotFound()" classname="com.builddash.backend.api.controller.CatalogControllerIT" time="0.008"/>
  <testcase name="listCategories_returnsCategoriesWithoutAuth()" classname="com.builddash.backend.api.controller.CatalogControllerIT" time="0.023"/>
  <testcase name="getProduct_malformedId_returnsNotFound()" classname="com.builddash.backend.api.controller.CatalogControllerIT" time="0.014"/>
  <testcase name="getProduct_happyPath_returnsDetailWithoutAuth()" classname="com.builddash.backend.api.controller.CatalogControllerIT" time="0.024"/>
  <testcase name="listProducts_returnsItemsAndCursorWithoutAuth()" classname="com.builddash.backend.api.controller.CatalogControllerIT" time="0.026"/>
  <testcase name="getCategory_validButUnknownId_returnsNotFound()" classname="com.builddash.backend.api.controller.CatalogControllerIT" time="0.014"/>
  <system-out><![CDATA[2026-08-17T18:07:55.397+05:30  INFO 367587 --- [builddash-backend] [    Test worker] t.c.s.AnnotationConfigContextLoaderUtils : Could not detect default configuration classes for test class [com.builddash.backend.api.controller.CatalogControllerIT]: CatalogControllerIT does not declare any static, non-private, non-final, nested classes annotated with @Configuration.
2026-08-17T18:07:55.402+05:30  INFO 367587 --- [builddash-backend] [    Test worker] .b.t.c.SpringBootTestContextBootstrapper : Found @SpringBootConfiguration com.builddash.backend.BuildDashBackendApplication for test class com.builddash.backend.api.controller.CatalogControllerIT

  .   ____          _            __ _ _
 /\\ / ___'_ __ _ _(_)_ __  __ _ \ \ \ \
( ( )\___ | '_ | '_| | '_ \/ _` | \ \ \ \
 \\/  ___)| |_)| | | | | || (_| |  ) ) ) )
  '  |____| .__|_| |_|_| |_\__, | / / / /
 =========|_|==============|___/=/_/_/_/

 :: Spring Boot ::                (v3.3.4)

2026-08-17T18:07:55.447+05:30  WARN 367587 --- [builddash-backend] [    Test worker] ory$DuplicateJsonObjectContextCustomizer : 

Found multiple occurrences of org.json.JSONObject on the class path:

	jar:file:/home/wolzard/.gradle/caches/modules-2/files-2.1/com.vaadin.external.google/android-json/0.0.20131108.vaadin1/fa26d351fe62a6a17f5cda1287c1c6110dec413f/android-json-0.0.20131108.vaadin1.jar!/org/json/JSONObject.class
	jar:file:/home/wolzard/.gradle/caches/modules-2/files-2.1/org.json/json/20231013/e22e0c040fe16f04ffdb85d851d77b07fc05ea52/json-20231013.jar!/org/json/JSONObject.class

You may wish to exclude one of them to ensure predictable runtime behavior

2026-08-17T18:07:55.448+05:30  INFO 367587 --- [builddash-backend] [    Test worker] c.b.b.a.controller.CatalogControllerIT   : Starting CatalogControllerIT using Java 21.0.7 with PID 367587 (started by wolzard in /home/wolzard/Projects/BuildDash-Backend)
2026-08-17T18:07:55.449+05:30  INFO 367587 --- [builddash-backend] [    Test worker] c.b.b.a.controller.CatalogControllerIT   : The following 1 profile is active: "test"
2026-08-17T18:07:56.026+05:30  INFO 367587 --- [builddash-backend] [    Test worker] .s.d.r.c.RepositoryConfigurationDelegate : Multiple Spring Data modules found, entering strict repository configuration mode
2026-08-17T18:07:56.027+05:30  INFO 367587 --- [builddash-backend] [    Test worker] .s.d.r.c.RepositoryConfigurationDelegate : Bootstrapping Spring Data JPA repositories in DEFAULT mode.
2026-08-17T18:07:56.042+05:30  INFO 367587 --- [builddash-backend] [    Test worker] .s.d.r.c.RepositoryConfigurationDelegate : Finished Spring Data repository scanning in 15 ms. Found 6 JPA repository interfaces.
2026-08-17T18:07:56.046+05:30  INFO 367587 --- [builddash-backend] [    Test worker] .s.d.r.c.RepositoryConfigurationDelegate : Multiple Spring Data modules found, entering strict repository configuration mode
2026-08-17T18:07:56.047+05:30  INFO 367587 --- [builddash-backend] [    Test worker] .s.d.r.c.RepositoryConfigurationDelegate : Bootstrapping Spring Data Redis repositories in DEFAULT mode.
2026-08-17T18:07:56.054+05:30  INFO 367587 --- [builddash-backend] [    Test worker] .RepositoryConfigurationExtensionSupport : Spring Data Redis - Could not safely identify store assignment for repository candidate interface com.builddash.backend.infra.persistence.CategoryJpaRepository; If you want this repository to be a Redis repository, consider annotating your entities with one of these annotations: org.springframework.data.redis.core.RedisHash (preferred), or consider extending one of the following types with your repository: org.springframework.data.keyvalue.repository.KeyValueRepository
2026-08-17T18:07:56.055+05:30  INFO 367587 --- [builddash-backend] [    Test worker] .RepositoryConfigurationExtensionSupport : Spring Data Redis - Could not safely identify store assignment for repository candidate interface com.builddash.backend.infra.persistence.DeviceJpaRepository; If you want this repository to be a Redis repository, consider annotating your entities with one of these annotations: org.springframework.data.redis.core.RedisHash (preferred), or consider extending one of the following types with your repository: org.springframework.data.keyvalue.repository.KeyValueRepository
2026-08-17T18:07:56.055+05:30  INFO 367587 --- [builddash-backend] [    Test worker] .RepositoryConfigurationExtensionSupport : Spring Data Redis - Could not safely identify store assignment for repository candidate interface com.builddash.backend.infra.persistence.HsnGstRateJpaRepository; If you want this repository to be a Redis repository, consider annotating your entities with one of these annotations: org.springframework.data.redis.core.RedisHash (preferred), or consider extending one of the following types with your repository: org.springframework.data.keyvalue.repository.KeyValueRepository
2026-08-17T18:07:56.055+05:30  INFO 367587 --- [builddash-backend] [    Test worker] .RepositoryConfigurationExtensionSupport : Spring Data Redis - Could not safely identify store assignment for repository candidate interface com.builddash.backend.infra.persistence.LoginEventJpaRepository; If you want this repository to be a Redis repository, consider annotating your entities with one of these annotations: org.springframework.data.redis.core.RedisHash (preferred), or consider extending one of the following types with your repository: org.springframework.data.keyvalue.repository.KeyValueRepository
2026-08-17T18:07:56.055+05:30  INFO 367587 --- [builddash-backend] [    Test worker] .RepositoryConfigurationExtensionSupport : Spring Data Redis - Could not safely identify store assignment for repository candidate interface com.builddash.backend.infra.persistence.ProductJpaRepository; If you want this repository to be a Redis repository, consider annotating your entities with one of these annotations: org.springframework.data.redis.core.RedisHash (preferred), or consider extending one of the following types with your repository: org.springframework.data.keyvalue.repository.KeyValueRepository
2026-08-17T18:07:56.055+05:30  INFO 367587 --- [builddash-backend] [    Test worker] .RepositoryConfigurationExtensionSupport : Spring Data Redis - Could not safely identify store assignment for repository candidate interface com.builddash.backend.infra.persistence.UserJpaRepository; If you want this repository to be a Redis repository, consider annotating your entities with one of these annotations: org.springframework.data.redis.core.RedisHash (preferred), or consider extending one of the following types with your repository: org.springframework.data.keyvalue.repository.KeyValueRepository
2026-08-17T18:07:56.056+05:30  INFO 367587 --- [builddash-backend] [    Test worker] .s.d.r.c.RepositoryConfigurationDelegate : Finished Spring Data repository scanning in 8 ms. Found 0 Redis repository interfaces.
2026-08-17T18:07:56.312+05:30  INFO 367587 --- [builddash-backend] [    Test worker] com.zaxxer.hikari.HikariDataSource       : HikariPool-3 - Starting...
2026-08-17T18:07:56.331+05:30  INFO 367587 --- [builddash-backend] [    Test worker] com.zaxxer.hikari.pool.HikariPool        : HikariPool-3 - Added connection org.postgresql.jdbc.PgConnection@1822ae52
2026-08-17T18:07:56.332+05:30  INFO 367587 --- [builddash-backend] [    Test worker] com.zaxxer.hikari.HikariDataSource       : HikariPool-3 - Start completed.
2026-08-17T18:07:56.362+05:30  INFO 367587 --- [builddash-backend] [    Test worker] org.flywaydb.core.FlywayExecutor         : Database: jdbc:postgresql://localhost:44689/test (PostgreSQL 16.14)
2026-08-17T18:07:56.416+05:30  INFO 367587 --- [builddash-backend] [    Test worker] o.f.core.internal.command.DbValidate     : Successfully validated 3 migrations (execution time 00:00.038s)
2026-08-17T18:07:56.454+05:30  INFO 367587 --- [builddash-backend] [    Test worker] o.f.core.internal.command.DbMigrate      : Current version of schema "public": 3
2026-08-17T18:07:56.455+05:30  INFO 367587 --- [builddash-backend] [    Test worker] o.f.core.internal.command.DbMigrate      : Schema "public" is up to date. No migration necessary.
2026-08-17T18:07:56.503+05:30  INFO 367587 --- [builddash-backend] [    Test worker] o.hibernate.jpa.internal.util.LogHelper  : HHH000204: Processing PersistenceUnitInfo [name: default]
2026-08-17T18:07:56.504+05:30  INFO 367587 --- [builddash-backend] [    Test worker] o.h.c.internal.RegionFactoryInitiator    : HHH000026: Second-level cache disabled
2026-08-17T18:07:56.511+05:30  INFO 367587 --- [builddash-backend] [    Test worker] o.s.o.j.p.SpringPersistenceUnitInfo      : No LoadTimeWeaver setup: ignoring JPA class transformer
2026-08-17T18:07:56.637+05:30  INFO 367587 --- [builddash-backend] [    Test worker] o.h.e.t.j.p.i.JtaPlatformInitiator       : HHH000489: No JTA platform available (set 'hibernate.transaction.jta.platform' to enable JTA platform integration)
2026-08-17T18:07:56.678+05:30  INFO 367587 --- [builddash-backend] [    Test worker] j.LocalContainerEntityManagerFactoryBean : Initialized JPA EntityManagerFactory for persistence unit 'default'
2026-08-17T18:07:57.079+05:30  WARN 367587 --- [builddash-backend] [    Test worker] .s.s.UserDetailsServiceAutoConfiguration : 

Using generated security password: c1627351-db45-4482-83e4-039b6f97f604

This generated password is for development use only. Your security configuration must be updated before running your application in production.

2026-08-17T18:07:57.084+05:30  INFO 367587 --- [builddash-backend] [    Test worker] r$InitializeUserDetailsManagerConfigurer : Global AuthenticationManager configured with UserDetailsService bean with name inMemoryUserDetailsManager
2026-08-17T18:07:57.209+05:30  INFO 367587 --- [builddash-backend] [    Test worker] o.s.b.a.e.web.EndpointLinksResolver      : Exposing 1 endpoint beneath base path '/actuator'
2026-08-17T18:07:57.500+05:30  INFO 367587 --- [builddash-backend] [    Test worker] o.s.b.t.m.w.SpringBootMockServletContext : Initializing Spring TestDispatcherServlet ''
2026-08-17T18:07:57.500+05:30  INFO 367587 --- [builddash-backend] [    Test worker] o.s.t.web.servlet.TestDispatcherServlet  : Initializing Servlet ''
2026-08-17T18:07:57.501+05:30  INFO 367587 --- [builddash-backend] [    Test worker] o.s.t.web.servlet.TestDispatcherServlet  : Completed initialization in 1 ms
2026-08-17T18:07:57.514+05:30  INFO 367587 --- [builddash-backend] [    Test worker] c.b.b.a.controller.CatalogControllerIT   : Started CatalogControllerIT in 2.105 seconds (process running for 16.383)
]]></system-out>
  <system-err><![CDATA[]]></system-err>
</testsuite>
