<?xml version="1.0" encoding="UTF-8"?>
<testsuite name="com.builddash.backend.application.impl.OtpSendServiceTest" tests="2" skipped="0" failures="0" errors="0" timestamp="2026-08-17T12:37:58.611Z" hostname="RyuKen-V15" time="0.286">
  <properties/>
  <testcase name="send_rateLimited_neverGeneratesOrDispatches()" classname="com.builddash.backend.application.impl.OtpSendServiceTest" time="0.276"/>
  <testcase name="send_happyPath_generatesStoresResetsAndDispatches()" classname="com.builddash.backend.application.impl.OtpSendServiceTest" time="0.005"/>
  <system-out><![CDATA[]]></system-out>
  <system-err><![CDATA[]]></system-err>
</testsuite>
