<?xml version="1.0" encoding="UTF-8"?>
<testsuite name="com.builddash.backend.infra.security.JwtTokenIssuerValidatorTest" tests="7" skipped="0" failures="0" errors="0" timestamp="2026-08-17T12:37:58.940Z" hostname="RyuKen-V15" time="0.03">
  <properties/>
  <testcase name="rejectsTamperedSignature()" classname="com.builddash.backend.infra.security.JwtTokenIssuerValidatorTest" time="0.008"/>
  <testcase name="issuesAndParsesRefreshToken()" classname="com.builddash.backend.infra.security.JwtTokenIssuerValidatorTest" time="0.003"/>
  <testcase name="issuesAndParsesAccessToken()" classname="com.builddash.backend.infra.security.JwtTokenIssuerValidatorTest" time="0.008"/>
  <testcase name="issuesGuestTokenWithGuestRoleAndNoDeviceId()" classname="com.builddash.backend.infra.security.JwtTokenIssuerValidatorTest" time="0.002"/>
  <testcase name="rejectsExpiredToken()" classname="com.builddash.backend.infra.security.JwtTokenIssuerValidatorTest" time="0.003"/>
  <testcase name="rejectsTokenPresentedAsWrongType()" classname="com.builddash.backend.infra.security.JwtTokenIssuerValidatorTest" time="0.002"/>
  <testcase name="issuingTwoTokensForSameSubjectAndDeviceProducesDistinctTokens()" classname="com.builddash.backend.infra.security.JwtTokenIssuerValidatorTest" time="0.001"/>
  <system-out><![CDATA[]]></system-out>
  <system-err><![CDATA[]]></system-err>
</testsuite>
