<?xml version="1.0" encoding="UTF-8"?>
<testsuite name="com.builddash.backend.infra.persistence.CategoryMapperTest" tests="2" skipped="0" failures="0" errors="0" timestamp="2026-08-17T12:37:58.933Z" hostname="RyuKen-V15" time="0.002">
  <properties/>
  <testcase name="toEntity_thenToDomain_handlesNullParentId()" classname="com.builddash.backend.infra.persistence.CategoryMapperTest" time="0.001"/>
  <testcase name="toEntity_thenToDomain_roundTripsEveryField()" classname="com.builddash.backend.infra.persistence.CategoryMapperTest" time="0.001"/>
  <system-out><![CDATA[]]></system-out>
  <system-err><![CDATA[]]></system-err>
</testsuite>
