<?xml version="1.0" encoding="UTF-8"?>
<testsuite name="com.builddash.backend.domain.service.SchemaDrivenProductFactoryTest" tests="5" skipped="0" failures="0" errors="0" timestamp="2026-08-17T12:37:58.920Z" hostname="RyuKen-V15" time="0.012">
  <properties/>
  <testcase name="build_wrongAttributeType_throwsBadRequest()" classname="com.builddash.backend.domain.service.SchemaDrivenProductFactoryTest" time="0.001"/>
  <testcase name="build_optionalAttributeOmitted_succeeds()" classname="com.builddash.backend.domain.service.SchemaDrivenProductFactoryTest" time="0.005"/>
  <testcase name="build_validAttributes_returnsProductWithValidatedAttributesAndSlug()" classname="com.builddash.backend.domain.service.SchemaDrivenProductFactoryTest" time="0.001"/>
  <testcase name="build_enumValueNotInAllowedList_throwsBadRequest()" classname="com.builddash.backend.domain.service.SchemaDrivenProductFactoryTest" time="0.0"/>
  <testcase name="build_missingRequiredAttribute_throwsBadRequest()" classname="com.builddash.backend.domain.service.SchemaDrivenProductFactoryTest" time="0.0"/>
  <system-out><![CDATA[]]></system-out>
  <system-err><![CDATA[]]></system-err>
</testsuite>
