<?xml version="1.0" encoding="UTF-8"?>
<testsuite name="com.builddash.backend.api.controller.AuthControllerIT" tests="12" skipped="0" failures="0" errors="0" timestamp="2026-08-17T12:37:50.856Z" hostname="RyuKen-V15" time="4.533">
  <properties/>
  <testcase name="verifyOtp_wrongCodeThreeTimesThenLocksOut()" classname="com.builddash.backend.api.controller.AuthControllerIT" time="0.946"/>
  <testcase name="refresh_happyPath_rotatesTokenPair()" classname="com.builddash.backend.api.controller.AuthControllerIT" time="0.473"/>
  <testcase name="guestSession_happyPath_issuesNonRefreshableToken()" classname="com.builddash.backend.api.controller.AuthControllerIT" time="0.011"/>
  <testcase name="googleSignIn_invalidToken_returnsUnauthorized()" classname="com.builddash.backend.api.controller.AuthControllerIT" time="0.037"/>
  <testcase name="googleSignIn_happyPath_issuesTokens()" classname="com.builddash.backend.api.controller.AuthControllerIT" time="0.054"/>
  <testcase name="refresh_reusingRotatedToken_returnsUnauthorizedAndRevokesDevice()" classname="com.builddash.backend.api.controller.AuthControllerIT" time="0.1"/>
  <testcase name="verifyOtp_happyPath_issuesTokensAndCreatesUser()" classname="com.builddash.backend.api.controller.AuthControllerIT" time="0.077"/>
  <testcase name="sendOtp_exceedingHourlyRateLimit_returnsTooManyRequests()" classname="com.builddash.backend.api.controller.AuthControllerIT" time="0.092"/>
  <testcase name="verifyOtp_noOtpRequested_returnsBadRequest()" classname="com.builddash.backend.api.controller.AuthControllerIT" time="0.015"/>
  <testcase name="sendOtp_invalidPhoneFormat_returnsBadRequest()" classname="com.builddash.backend.api.controller.AuthControllerIT" time="0.022"/>
  <testcase name="sendOtp_happyPath_returnsMessageAndDispatchesOtp()" classname="com.builddash.backend.api.controller.AuthControllerIT" time="0.022"/>
  <testcase name="refresh_withGarbageToken_returnsUnauthorized()" classname="com.builddash.backend.api.controller.AuthControllerIT" time="0.014"/>
  <system-out><![CDATA[2026-08-17T18:07:50.859+05:30  INFO 367587 --- [builddash-backend] [    Test worker] t.c.s.AnnotationConfigContextLoaderUtils : Could not detect default configuration classes for test class [com.builddash.backend.api.controller.AuthControllerIT]: AuthControllerIT does not declare any static, non-private, non-final, nested classes annotated with @Configuration.
2026-08-17T18:07:50.870+05:30  INFO 367587 --- [builddash-backend] [    Test worker] .b.t.c.SpringBootTestContextBootstrapper : Found @SpringBootConfiguration com.builddash.backend.BuildDashBackendApplication for test class com.builddash.backend.api.controller.AuthControllerIT

  .   ____          _            __ _ _
 /\\ / ___'_ __ _ _(_)_ __  __ _ \ \ \ \
( ( )\___ | '_ | '_| | '_ \/ _` | \ \ \ \
 \\/  ___)| |_)| | | | | || (_| |  ) ) ) )
  '  |____| .__|_| |_|_| |_\__, | / / / /
 =========|_|==============|___/=/_/_/_/

 :: Spring Boot ::                (v3.3.4)

2026-08-17T18:07:50.892+05:30  WARN 367587 --- [builddash-backend] [    Test worker] ory$DuplicateJsonObjectContextCustomizer : 

Found multiple occurrences of org.json.JSONObject on the class path:

	jar:file:/home/wolzard/.gradle/caches/modules-2/files-2.1/com.vaadin.external.google/android-json/0.0.20131108.vaadin1/fa26d351fe62a6a17f5cda1287c1c6110dec413f/android-json-0.0.20131108.vaadin1.jar!/org/json/JSONObject.class
	jar:file:/home/wolzard/.gradle/caches/modules-2/files-2.1/org.json/json/20231013/e22e0c040fe16f04ffdb85d851d77b07fc05ea52/json-20231013.jar!/org/json/JSONObject.class

You may wish to exclude one of them to ensure predictable runtime behavior

2026-08-17T18:07:50.893+05:30  INFO 367587 --- [builddash-backend] [    Test worker] c.b.b.api.controller.AuthControllerIT    : Starting AuthControllerIT using Java 21.0.7 with PID 367587 (started by wolzard in /home/wolzard/Projects/BuildDash-Backend)
2026-08-17T18:07:50.893+05:30  INFO 367587 --- [builddash-backend] [    Test worker] c.b.b.api.controller.AuthControllerIT    : The following 1 profile is active: "test"
2026-08-17T18:07:51.175+05:30  INFO 367587 --- [builddash-backend] [    Test worker] .s.d.r.c.RepositoryConfigurationDelegate : Multiple Spring Data modules found, entering strict repository configuration mode
2026-08-17T18:07:51.175+05:30  INFO 367587 --- [builddash-backend] [    Test worker] .s.d.r.c.RepositoryConfigurationDelegate : Bootstrapping Spring Data JPA repositories in DEFAULT mode.
2026-08-17T18:07:51.185+05:30  INFO 367587 --- [builddash-backend] [    Test worker] .s.d.r.c.RepositoryConfigurationDelegate : Finished Spring Data repository scanning in 9 ms. Found 6 JPA repository interfaces.
2026-08-17T18:07:51.187+05:30  INFO 367587 --- [builddash-backend] [    Test worker] .s.d.r.c.RepositoryConfigurationDelegate : Multiple Spring Data modules found, entering strict repository configuration mode
2026-08-17T18:07:51.187+05:30  INFO 367587 --- [builddash-backend] [    Test worker] .s.d.r.c.RepositoryConfigurationDelegate : Bootstrapping Spring Data Redis repositories in DEFAULT mode.
2026-08-17T18:07:51.191+05:30  INFO 367587 --- [builddash-backend] [    Test worker] .RepositoryConfigurationExtensionSupport : Spring Data Redis - Could not safely identify store assignment for repository candidate interface com.builddash.backend.infra.persistence.CategoryJpaRepository; If you want this repository to be a Redis repository, consider annotating your entities with one of these annotations: org.springframework.data.redis.core.RedisHash (preferred), or consider extending one of the following types with your repository: org.springframework.data.keyvalue.repository.KeyValueRepository
2026-08-17T18:07:51.191+05:30  INFO 367587 --- [builddash-backend] [    Test worker] .RepositoryConfigurationExtensionSupport : Spring Data Redis - Could not safely identify store assignment for repository candidate interface com.builddash.backend.infra.persistence.DeviceJpaRepository; If you want this repository to be a Redis repository, consider annotating your entities with one of these annotations: org.springframework.data.redis.core.RedisHash (preferred), or consider extending one of the following types with your repository: org.springframework.data.keyvalue.repository.KeyValueRepository
2026-08-17T18:07:51.191+05:30  INFO 367587 --- [builddash-backend] [    Test worker] .RepositoryConfigurationExtensionSupport : Spring Data Redis - Could not safely identify store assignment for repository candidate interface com.builddash.backend.infra.persistence.HsnGstRateJpaRepository; If you want this repository to be a Redis repository, consider annotating your entities with one of these annotations: org.springframework.data.redis.core.RedisHash (preferred), or consider extending one of the following types with your repository: org.springframework.data.keyvalue.repository.KeyValueRepository
2026-08-17T18:07:51.191+05:30  INFO 367587 --- [builddash-backend] [    Test worker] .RepositoryConfigurationExtensionSupport : Spring Data Redis - Could not safely identify store assignment for repository candidate interface com.builddash.backend.infra.persistence.LoginEventJpaRepository; If you want this repository to be a Redis repository, consider annotating your entities with one of these annotations: org.springframework.data.redis.core.RedisHash (preferred), or consider extending one of the following types with your repository: org.springframework.data.keyvalue.repository.KeyValueRepository
2026-08-17T18:07:51.191+05:30  INFO 367587 --- [builddash-backend] [    Test worker] .RepositoryConfigurationExtensionSupport : Spring Data Redis - Could not safely identify store assignment for repository candidate interface com.builddash.backend.infra.persistence.ProductJpaRepository; If you want this repository to be a Redis repository, consider annotating your entities with one of these annotations: org.springframework.data.redis.core.RedisHash (preferred), or consider extending one of the following types with your repository: org.springframework.data.keyvalue.repository.KeyValueRepository
2026-08-17T18:07:51.191+05:30  INFO 367587 --- [builddash-backend] [    Test worker] .RepositoryConfigurationExtensionSupport : Spring Data Redis - Could not safely identify store assignment for repository candidate interface com.builddash.backend.infra.persistence.UserJpaRepository; If you want this repository to be a Redis repository, consider annotating your entities with one of these annotations: org.springframework.data.redis.core.RedisHash (preferred), or consider extending one of the following types with your repository: org.springframework.data.keyvalue.repository.KeyValueRepository
2026-08-17T18:07:51.191+05:30  INFO 367587 --- [builddash-backend] [    Test worker] .s.d.r.c.RepositoryConfigurationDelegate : Finished Spring Data repository scanning in 4 ms. Found 0 Redis repository interfaces.
2026-08-17T18:07:51.598+05:30  INFO 367587 --- [builddash-backend] [    Test worker] com.zaxxer.hikari.HikariDataSource       : HikariPool-2 - Starting...
2026-08-17T18:07:51.703+05:30  INFO 367587 --- [builddash-backend] [    Test worker] com.zaxxer.hikari.pool.HikariPool        : HikariPool-2 - Added connection org.postgresql.jdbc.PgConnection@2cf8a92b
2026-08-17T18:07:51.704+05:30  INFO 367587 --- [builddash-backend] [    Test worker] com.zaxxer.hikari.HikariDataSource       : HikariPool-2 - Start completed.
2026-08-17T18:07:51.728+05:30  INFO 367587 --- [builddash-backend] [    Test worker] org.flywaydb.core.FlywayExecutor         : Database: jdbc:postgresql://localhost:44689/test (PostgreSQL 16.14)
2026-08-17T18:07:51.750+05:30  INFO 367587 --- [builddash-backend] [    Test worker] o.f.core.internal.command.DbValidate     : Successfully validated 3 migrations (execution time 00:00.012s)
2026-08-17T18:07:51.778+05:30  INFO 367587 --- [builddash-backend] [    Test worker] o.f.core.internal.command.DbMigrate      : Current version of schema "public": 3
2026-08-17T18:07:51.780+05:30  INFO 367587 --- [builddash-backend] [    Test worker] o.f.core.internal.command.DbMigrate      : Schema "public" is up to date. No migration necessary.
2026-08-17T18:07:51.851+05:30  INFO 367587 --- [builddash-backend] [    Test worker] o.hibernate.jpa.internal.util.LogHelper  : HHH000204: Processing PersistenceUnitInfo [name: default]
2026-08-17T18:07:51.853+05:30  INFO 367587 --- [builddash-backend] [    Test worker] o.h.c.internal.RegionFactoryInitiator    : HHH000026: Second-level cache disabled
2026-08-17T18:07:51.867+05:30  INFO 367587 --- [builddash-backend] [    Test worker] o.s.o.j.p.SpringPersistenceUnitInfo      : No LoadTimeWeaver setup: ignoring JPA class transformer
2026-08-17T18:07:52.050+05:30  INFO 367587 --- [builddash-backend] [    Test worker] o.h.e.t.j.p.i.JtaPlatformInitiator       : HHH000489: No JTA platform available (set 'hibernate.transaction.jta.platform' to enable JTA platform integration)
2026-08-17T18:07:52.080+05:30  INFO 367587 --- [builddash-backend] [    Test worker] j.LocalContainerEntityManagerFactoryBean : Initialized JPA EntityManagerFactory for persistence unit 'default'
2026-08-17T18:07:52.622+05:30  WARN 367587 --- [builddash-backend] [    Test worker] .s.s.UserDetailsServiceAutoConfiguration : 

Using generated security password: b5d8d10e-7f6c-4769-a3fd-2685371b9af2

This generated password is for development use only. Your security configuration must be updated before running your application in production.

2026-08-17T18:07:52.627+05:30  INFO 367587 --- [builddash-backend] [    Test worker] r$InitializeUserDetailsManagerConfigurer : Global AuthenticationManager configured with UserDetailsService bean with name inMemoryUserDetailsManager
2026-08-17T18:07:52.884+05:30  INFO 367587 --- [builddash-backend] [    Test worker] o.s.b.a.e.web.EndpointLinksResolver      : Exposing 1 endpoint beneath base path '/actuator'
2026-08-17T18:07:53.416+05:30  INFO 367587 --- [builddash-backend] [    Test worker] o.s.b.t.m.w.SpringBootMockServletContext : Initializing Spring TestDispatcherServlet ''
2026-08-17T18:07:53.416+05:30  INFO 367587 --- [builddash-backend] [    Test worker] o.s.t.web.servlet.TestDispatcherServlet  : Initializing Servlet ''
2026-08-17T18:07:53.418+05:30  INFO 367587 --- [builddash-backend] [    Test worker] o.s.t.web.servlet.TestDispatcherServlet  : Completed initialization in 2 ms
2026-08-17T18:07:53.473+05:30  INFO 367587 --- [builddash-backend] [    Test worker] c.b.b.api.controller.AuthControllerIT    : Started AuthControllerIT in 2.599 seconds (process running for 12.342)
]]></system-out>
  <system-err><![CDATA[]]></system-err>
</testsuite>
